# JRE version: Java(TM) SE Runtime Environment (8.0_112-b15) (build 1.8.0_112-b15)
# Java VM: Java HotSpot(TM) 64-Bit Server VM (25.112-b15 mixed mode windows-amd64 compressed oops)
Heap:
 PSYoungGen      total 174592K, used 8912K [0x00000000ebb00000, 0x00000000f7400000, 0x0000000100000000)
  eden space 160256K, 0% used [0x00000000ebb00000,0x00000000ebb00000,0x00000000f5780000)
  from space 14336K, 62% used [0x00000000f5780000,0x00000000f6034300,0x00000000f6580000)
  to   space 13312K, 0% used [0x00000000f6580000,0x00000000f6580000,0x00000000f7280000)
 ParOldGen       total 52224K, used 25345K [0x00000000c3000000, 0x00000000c6300000, 0x00000000ebb00000)
  object space 52224K, 48% used [0x00000000c3000000,0x00000000c48c04b0,0x00000000c6300000)
 Metaspace       used 56837K, capacity 58942K, committed 59096K, reserved 1101824K
  class space    used 7348K, capacity 7738K, committed 7808K, reserved 1048576K
GC Heap History (10 events):
Event: 6.029 GC heap after
Heap after GC invocations=13 (full 1):
 PSYoungGen      total 136192K, used 4179K [0x00000000ebb00000, 0x00000000f4b00000, 0x0000000100000000)
  eden space 125952K, 0% used [0x00000000ebb00000,0x00000000ebb00000,0x00000000f3600000)
  from space 10240K, 40% used [0x00000000f4100000,0x00000000f4514c88,0x00000000f4b00000)
  to   space 10752K, 0% used [0x00000000f3600000,0x00000000f3600000,0x00000000f4080000)
 ParOldGen       total 28672K, used 16691K [0x00000000c3000000, 0x00000000c4c00000, 0x00000000ebb00000)
  object space 28672K, 58% used [0x00000000c3000000,0x00000000c404cef0,0x00000000c4c00000)
 Metaspace       used 34084K, capacity 35380K, committed 35456K, reserved 1079296K
  class space    used 4394K, capacity 4681K, committed 4736K, reserved 1048576K
}
Event: 6.029 GC heap before
{Heap before GC invocations=14 (full 2):
 PSYoungGen      total 136192K, used 4179K [0x00000000ebb00000, 0x00000000f4b00000, 0x0000000100000000)
  eden space 125952K, 0% used [0x00000000ebb00000,0x00000000ebb00000,0x00000000f3600000)
  from space 10240K, 40% used [0x00000000f4100000,0x00000000f4514c88,0x00000000f4b00000)
  to   space 10752K, 0% used [0x00000000f3600000,0x00000000f3600000,0x00000000f4080000)
 ParOldGen       total 28672K, used 16691K [0x00000000c3000000, 0x00000000c4c00000, 0x00000000ebb00000)
  object space 28672K, 58% used [0x00000000c3000000,0x00000000c404cef0,0x00000000c4c00000)
 Metaspace       used 34084K, capacity 35380K, committed 35456K, reserved 1079296K
  class space    used 4394K, capacity 4681K, committed 4736K, reserved 1048576K
Event: 6.100 GC heap after
Heap after GC invocations=14 (full 2):
 PSYoungGen      total 136192K, used 0K [0x00000000ebb00000, 0x00000000f4b00000, 0x0000000100000000)
  eden space 125952K, 0% used [0x00000000ebb00000,0x00000000ebb00000,0x00000000f3600000)
  from space 10240K, 0% used [0x00000000f4100000,0x00000000f4100000,0x00000000f4b00000)
  to   space 10752K, 0% used [0x00000000f3600000,0x00000000f3600000,0x00000000f4080000)
 ParOldGen       total 52224K, used 16506K [0x00000000c3000000, 0x00000000c6300000, 0x00000000ebb00000)
  object space 52224K, 31% used [0x00000000c3000000,0x00000000c401e8a8,0x00000000c6300000)
 Metaspace       used 34084K, capacity 35380K, committed 35456K, reserved 1079296K
  class space    used 4394K, capacity 4681K, committed 4736K, reserved 1048576K
}
Event: 8.554 GC heap before
{Heap before GC invocations=15 (full 2):
 PSYoungGen      total 136192K, used 125952K [0x00000000ebb00000, 0x00000000f4b00000, 0x0000000100000000)
  eden space 125952K, 100% used [0x00000000ebb00000,0x00000000f3600000,0x00000000f3600000)
  from space 10240K, 0% used [0x00000000f4100000,0x00000000f4100000,0x00000000f4b00000)
  to   space 10752K, 0% used [0x00000000f3600000,0x00000000f3600000,0x00000000f4080000)
 ParOldGen       total 52224K, used 16506K [0x00000000c3000000, 0x00000000c6300000, 0x00000000ebb00000)
  object space 52224K, 31% used [0x00000000c3000000,0x00000000c401e8a8,0x00000000c6300000)
 Metaspace       used 46718K, capacity 48186K, committed 48384K, reserved 1091584K
  class space    used 6074K, capacity 6376K, committed 6400K, reserved 1048576K
Event: 8.573 GC heap after
Heap after GC invocations=15 (full 2):
 PSYoungGen      total 136704K, used 10728K [0x00000000ebb00000, 0x00000000f7280000, 0x0000000100000000)
  eden space 125952K, 0% used [0x00000000ebb00000,0x00000000ebb00000,0x00000000f3600000)
  from space 10752K, 99% used [0x00000000f3600000,0x00000000f407a150,0x00000000f4080000)
  to   space 13312K, 0% used [0x00000000f6580000,0x00000000f6580000,0x00000000f7280000)
 ParOldGen       total 52224K, used 20297K [0x00000000c3000000, 0x00000000c6300000, 0x00000000ebb00000)
  object space 52224K, 38% used [0x00000000c3000000,0x00000000c43d2560,0x00000000c6300000)
 Metaspace       used 46718K, capacity 48186K, committed 48384K, reserved 1091584K
  class space    used 6074K, capacity 6376K, committed 6400K, reserved 1048576K
}
Event: 10.416 GC heap before
{Heap before GC invocations=16 (full 2):
 PSYoungGen      total 136704K, used 136680K [0x00000000ebb00000, 0x00000000f7280000, 0x0000000100000000)
  eden space 125952K, 100% used [0x00000000ebb00000,0x00000000f3600000,0x00000000f3600000)
  from space 10752K, 99% used [0x00000000f3600000,0x00000000f407a150,0x00000000f4080000)
  to   space 13312K, 0% used [0x00000000f6580000,0x00000000f6580000,0x00000000f7280000)
 ParOldGen       total 52224K, used 20297K [0x00000000c3000000, 0x00000000c6300000, 0x00000000ebb00000)
  object space 52224K, 38% used [0x00000000c3000000,0x00000000c43d2560,0x00000000c6300000)
 Metaspace       used 55016K, capacity 57092K, committed 57216K, reserved 1099776K
  class space    used 7160K, capacity 7541K, committed 7552K, reserved 1048576K
Event: 10.443 GC heap after
Heap after GC invocations=16 (full 2):
 PSYoungGen      total 173568K, used 10642K [0x00000000ebb00000, 0x00000000f7400000, 0x0000000100000000)
  eden space 160256K, 0% used [0x00000000ebb00000,0x00000000ebb00000,0x00000000f5780000)
  from space 13312K, 79% used [0x00000000f6580000,0x00000000f6fe4950,0x00000000f7280000)
  to   space 14336K, 0% used [0x00000000f5780000,0x00000000f5780000,0x00000000f6580000)
 ParOldGen       total 52224K, used 25337K [0x00000000c3000000, 0x00000000c6300000, 0x00000000ebb00000)
  object space 52224K, 48% used [0x00000000c3000000,0x00000000c48be4b0,0x00000000c6300000)
 Metaspace       used 55016K, capacity 57092K, committed 57216K, reserved 1099776K
  class space    used 7160K, capacity 7541K, committed 7552K, reserved 1048576K
}
Event: 11.465 GC heap before
{Heap before GC invocations=17 (full 2):
 PSYoungGen      total 173568K, used 92238K [0x00000000ebb00000, 0x00000000f7400000, 0x0000000100000000)
  eden space 160256K, 50% used [0x00000000ebb00000,0x00000000f0aaf170,0x00000000f5780000)
  from space 13312K, 79% used [0x00000000f6580000,0x00000000f6fe4950,0x00000000f7280000)
  to   space 14336K, 0% used [0x00000000f5780000,0x00000000f5780000,0x00000000f6580000)
 ParOldGen       total 52224K, used 25337K [0x00000000c3000000, 0x00000000c6300000, 0x00000000ebb00000)
  object space 52224K, 48% used [0x00000000c3000000,0x00000000c48be4b0,0x00000000c6300000)
 Metaspace       used 56837K, capacity 58942K, committed 59096K, reserved 1101824K
  class space    used 7348K, capacity 7738K, committed 7808K, reserved 1048576K
Event: 11.477 GC heap after
Heap after GC invocations=17 (full 2):
 PSYoungGen      total 174592K, used 8912K [0x00000000ebb00000, 0x00000000f7400000, 0x0000000100000000)
  eden space 160256K, 0% used [0x00000000ebb00000,0x00000000ebb00000,0x00000000f5780000)
  from space 14336K, 62% used [0x00000000f5780000,0x00000000f6034300,0x00000000f6580000)
  to   space 13312K, 0% used [0x00000000f6580000,0x00000000f6580000,0x00000000f7280000)
 ParOldGen       total 52224K, used 25345K [0x00000000c3000000, 0x00000000c6300000, 0x00000000ebb00000)
  object space 52224K, 48% used [0x00000000c3000000,0x00000000c48c04b0,0x00000000c6300000)
 Metaspace       used 56837K, capacity 58942K, committed 59096K, reserved 1101824K
  class space    used 7348K, capacity 7738K, committed 7808K, reserved 1048576K
}
Event: 11.477 GC heap before
{Heap before GC invocations=18 (full 3):
 PSYoungGen      total 174592K, used 8912K [0x00000000ebb00000, 0x00000000f7400000, 0x0000000100000000)
  eden space 160256K, 0% used [0x00000000ebb00000,0x00000000ebb00000,0x00000000f5780000)
  from space 14336K, 62% used [0x00000000f5780000,0x00000000f6034300,0x00000000f6580000)
  to   space 13312K, 0% used [0x00000000f6580000,0x00000000f6580000,0x00000000f7280000)
 ParOldGen       total 52224K, used 25345K [0x00000000c3000000, 0x00000000c6300000, 0x00000000ebb00000)
  object space 52224K, 48% used [0x00000000c3000000,0x00000000c48c04b0,0x00000000c6300000)
 Metaspace       used 56837K, capacity 58942K, committed 59096K, reserved 1101824K
  class space    used 7348K, capacity 7738K, committed 7808K, reserved 1048576K

